STOP hook fired 2026-02-16T06:33:02+02:00
node:internal/modules/cjs/loader:1210
  throw err;
  ^

Error: Cannot find module '/home/hagaybar/projects/TAU_customModule/.a5c/scripts/dist/parse_quota.cjs'
    at Module._resolveFilename (node:internal/modules/cjs/loader:1207:15)
    at Module._load (node:internal/modules/cjs/loader:1038:27)
    at Function.executeUserEntryPoint [as runMain] (node:internal/modules/run_main:164:12)
    at node:internal/main/run_main_module:28:49 {
  code: 'MODULE_NOT_FOUND',
  requireStack: []
}

Node.js v20.20.0
STOP hook fired 2026-02-16T06:33:56+02:00
node:internal/modules/cjs/loader:1210
  throw err;
  ^

Error: Cannot find module '/home/hagaybar/projects/TAU_customModule/.a5c/scripts/dist/parse_quota.cjs'
    at Module._resolveFilename (node:internal/modules/cjs/loader:1207:15)
    at Module._load (node:internal/modules/cjs/loader:1038:27)
    at Function.executeUserEntryPoint [as runMain] (node:internal/modules/run_main:164:12)
    at node:internal/main/run_main_module:28:49 {
  code: 'MODULE_NOT_FOUND',
  requireStack: []
}

Node.js v20.20.0
STOP hook fired 2026-02-16T06:36:17+02:00
node:internal/modules/cjs/loader:1210
  throw err;
  ^

Error: Cannot find module '/home/hagaybar/projects/TAU_customModule/.a5c/scripts/dist/parse_quota.cjs'
    at Module._resolveFilename (node:internal/modules/cjs/loader:1207:15)
    at Module._load (node:internal/modules/cjs/loader:1038:27)
    at Function.executeUserEntryPoint [as runMain] (node:internal/modules/run_main:164:12)
    at node:internal/main/run_main_module:28:49 {
  code: 'MODULE_NOT_FOUND',
  requireStack: []
}

Node.js v20.20.0
STOP hook fired 2026-02-16T06:37:37+02:00
node:internal/modules/cjs/loader:1210
  throw err;
  ^

Error: Cannot find module '/home/hagaybar/projects/TAU_customModule/.a5c/scripts/dist/parse_quota.cjs'
    at Module._resolveFilename (node:internal/modules/cjs/loader:1207:15)
    at Module._load (node:internal/modules/cjs/loader:1038:27)
    at Function.executeUserEntryPoint [as runMain] (node:internal/modules/run_main:164:12)
    at node:internal/main/run_main_module:28:49 {
  code: 'MODULE_NOT_FOUND',
  requireStack: []
}

Node.js v20.20.0
